<?xml version="1.0" encoding="UTF-8"?>
<!-- Generated by org.testng.reporters.JUnitReportReporter -->
<testsuite hostname="Chandrahas_24" failures="0" tests="4" name="com.tutorialninja.tests.GlobalQARegister" time="-1724311040.000" errors="1" timestamp="2024-08-22T12:46:23 IST" skipped="3">
  <testcase classname="com.tutorialninja.tests.GlobalQARegister" name="Setup" time="-1724311040.000">
    <error message="
Parameter &#039;url&#039; is required by BeforeTest on method Setup but has not been marked @Optional or defined
in C:\Users\ChandrahasReddy\AppData\Local\Temp\testng-eclipse--397319522\testng-customsuite.xml" type="org.testng.TestNGException">
      <![CDATA[org.testng.TestNGException: 
Parameter 'url' is required by BeforeTest on method Setup but has not been marked @Optional or defined
in C:\Users\ChandrahasReddy\AppData\Local\Temp\testng-eclipse--397319522\testng-customsuite.xml
at org.testng.internal.Parameters.createParams(Parameters.java:264)
at org.testng.internal.Parameters.createParametersForMethod(Parameters.java:352)
at org.testng.internal.Parameters.createParameters(Parameters.java:690)
at org.testng.internal.Parameters.createConfigurationParameters(Parameters.java:163)
at org.testng.internal.invokers.ConfigInvoker.invokeConfigurations(ConfigInvoker.java:313)
at org.testng.TestRunner.invokeTestConfigurations(TestRunner.java:655)
at org.testng.TestRunner.beforeRun(TestRunner.java:644)
at org.testng.TestRunner.run(TestRunner.java:610)
at org.testng.SuiteRunner.runTest(SuiteRunner.java:421)
at org.testng.SuiteRunner.runSequentially(SuiteRunner.java:413)
at org.testng.SuiteRunner.privateRun(SuiteRunner.java:373)
at org.testng.SuiteRunner.run(SuiteRunner.java:312)
at org.testng.SuiteRunnerWorker.runSuite(SuiteRunnerWorker.java:52)
at org.testng.SuiteRunnerWorker.run(SuiteRunnerWorker.java:95)
at org.testng.TestNG.runSuitesSequentially(TestNG.java:1274)
at org.testng.TestNG.runSuitesLocally(TestNG.java:1208)
at org.testng.TestNG.runSuites(TestNG.java:1112)
at org.testng.TestNG.run(TestNG.java:1079)
at org.testng.remote.AbstractRemoteTestNG.run(AbstractRemoteTestNG.java:115)
at org.testng.remote.RemoteTestNG.initAndRun(RemoteTestNG.java:293)
at org.testng.remote.RemoteTestNG.main(RemoteTestNG.java:91)
]]>
    </error>
  </testcase> <!-- Setup -->
  <testcase classname="com.tutorialninja.tests.GlobalQARegister" name="verifyLogo">
    <skipped/>
  </testcase> <!-- verifyLogo -->
  <testcase classname="com.tutorialninja.tests.GlobalQARegister" name="globalQARegistration">
    <skipped/>
  </testcase> <!-- globalQARegistration -->
  <testcase classname="com.tutorialninja.tests.GlobalQARegister" name="verifyTitle">
    <skipped/>
  </testcase> <!-- verifyTitle -->
</testsuite> <!-- com.tutorialninja.tests.GlobalQARegister -->
