<?xml version="1.0" encoding="UTF-8"?>
<!-- Generated by org.testng.reporters.JUnitXMLReporter -->
<testsuite ignored="0" hostname="Chandrahas_24" failures="1" tests="2" name="Default test" time="0.091" errors="0" timestamp="2024-09-28T22:35:13 IST">
  <testcase classname="com.tutorialninja.tests.SignupTests" name="@BeforeTest IntializeBrowser" time="-1.727543113023E9">
    <failure type="org.testng.TestNGException" message="
Parameter &amp;apos;browserName&amp;apos; is required by BeforeTest on method IntializeBrowser but has not been marked @Optional or defined
in C:\Users\ChandrahasReddy\AppData\Local\Temp\testng-eclipse-1778318743\testng-customsuite.xml">
      <![CDATA[org.testng.TestNGException: 
Parameter 'browserName' is required by BeforeTest on method IntializeBrowser but has not been marked @Optional or defined
in C:\Users\ChandrahasReddy\AppData\Local\Temp\testng-eclipse-1778318743\testng-customsuite.xml
at org.testng.internal.Parameters.createParams(Parameters.java:264)
at org.testng.internal.Parameters.createParametersForMethod(Parameters.java:352)
at org.testng.internal.Parameters.createParameters(Parameters.java:690)
at org.testng.internal.Parameters.createConfigurationParameters(Parameters.java:163)
at org.testng.internal.invokers.ConfigInvoker.invokeConfigurations(ConfigInvoker.java:313)
at org.testng.TestRunner.invokeTestConfigurations(TestRunner.java:655)
at org.testng.TestRunner.beforeRun(TestRunner.java:644)
at org.testng.TestRunner.run(TestRunner.java:610)
at org.testng.SuiteRunner.runTest(SuiteRunner.java:421)
at org.testng.SuiteRunner.runSequentially(SuiteRunner.java:413)
at org.testng.SuiteRunner.privateRun(SuiteRunner.java:373)
at org.testng.SuiteRunner.run(SuiteRunner.java:312)
at org.testng.SuiteRunnerWorker.runSuite(SuiteRunnerWorker.java:52)
at org.testng.SuiteRunnerWorker.run(SuiteRunnerWorker.java:95)
at org.testng.TestNG.runSuitesSequentially(TestNG.java:1274)
at org.testng.TestNG.runSuitesLocally(TestNG.java:1208)
at org.testng.TestNG.runSuites(TestNG.java:1112)
at org.testng.TestNG.run(TestNG.java:1079)
at org.testng.remote.AbstractRemoteTestNG.run(AbstractRemoteTestNG.java:115)
at org.testng.remote.RemoteTestNG.initAndRun(RemoteTestNG.java:293)
at org.testng.remote.RemoteTestNG.main(RemoteTestNG.java:91)
]]>
    </failure>
  </testcase> <!-- @BeforeTest IntializeBrowser -->
  <testcase classname="com.tutorialninja.tests.SignupTests" name="@BeforeClass m3" time="0.0">
    <skipped/>
  </testcase> <!-- @BeforeClass m3 -->
  <testcase classname="com.tutorialninja.tests.SignupTests" name="@BeforeMethod m4" time="0.0">
    <skipped/>
  </testcase> <!-- @BeforeMethod m4 -->
  <testcase classname="com.tutorialninja.tests.SignupTests" name="@AfterMethod m5" time="0.0">
    <skipped/>
  </testcase> <!-- @AfterMethod m5 -->
  <testcase classname="com.tutorialninja.tests.SignupTests" name="@AfterClass m6" time="0.0">
    <skipped/>
  </testcase> <!-- @AfterClass m6 -->
  <testcase classname="com.tutorialninja.tests.SignupTests" name="@AfterTest m7" time="0.0">
    <skipped/>
  </testcase> <!-- @AfterTest m7 -->
  <testcase classname="com.tutorialninja.tests.SignupTests" name="testInvalidSignup" time="0.001">
    <skipped/>
  </testcase> <!-- testInvalidSignup -->
  <testcase classname="com.tutorialninja.tests.SignupTests" name="testValidSignup" time="0.0">
    <failure type="org.testng.TestNGException" message="
Parameter &amp;apos;email&amp;apos; is required by @Test on method testValidSignup but has not been marked @Optional or defined
in C:\Users\ChandrahasReddy\AppData\Local\Temp\testng-eclipse-1778318743\testng-customsuite.xml">
      <![CDATA[org.testng.TestNGException: 
Parameter 'email' is required by @Test on method testValidSignup but has not been marked @Optional or defined
in C:\Users\ChandrahasReddy\AppData\Local\Temp\testng-eclipse-1778318743\testng-customsuite.xml
at org.testng.internal.Parameters.createParams(Parameters.java:264)
at org.testng.internal.Parameters.createParametersForMethod(Parameters.java:352)
at org.testng.internal.Parameters.createParameters(Parameters.java:690)
at org.testng.internal.Parameters.handleParameters(Parameters.java:885)
at org.testng.internal.Parameters.handleParameters(Parameters.java:734)
at org.testng.internal.invokers.ParameterHandler.handleParameters(ParameterHandler.java:72)
at org.testng.internal.invokers.ParameterHandler.createParameters(ParameterHandler.java:51)
at org.testng.internal.invokers.TestInvoker$MethodInvocationAgent.invoke(TestInvoker.java:946)
at org.testng.internal.invokers.TestInvoker.invokeTestMethods(TestInvoker.java:203)
at org.testng.internal.invokers.TestMethodWorker.invokeTestMethods(TestMethodWorker.java:154)
at org.testng.internal.invokers.TestMethodWorker.run(TestMethodWorker.java:134)
at java.base/java.util.ArrayList.forEach(ArrayList.java:1596)
at org.testng.TestRunner.privateRun(TestRunner.java:739)
at org.testng.TestRunner.run(TestRunner.java:614)
at org.testng.SuiteRunner.runTest(SuiteRunner.java:421)
at org.testng.SuiteRunner.runSequentially(SuiteRunner.java:413)
at org.testng.SuiteRunner.privateRun(SuiteRunner.java:373)
at org.testng.SuiteRunner.run(SuiteRunner.java:312)
at org.testng.SuiteRunnerWorker.runSuite(SuiteRunnerWorker.java:52)
at org.testng.SuiteRunnerWorker.run(SuiteRunnerWorker.java:95)
at org.testng.TestNG.runSuitesSequentially(TestNG.java:1274)
at org.testng.TestNG.runSuitesLocally(TestNG.java:1208)
at org.testng.TestNG.runSuites(TestNG.java:1112)
at org.testng.TestNG.run(TestNG.java:1079)
at org.testng.remote.AbstractRemoteTestNG.run(AbstractRemoteTestNG.java:115)
at org.testng.remote.RemoteTestNG.initAndRun(RemoteTestNG.java:293)
at org.testng.remote.RemoteTestNG.main(RemoteTestNG.java:91)
]]>
    </failure>
  </testcase> <!-- testValidSignup -->
</testsuite> <!-- Default test -->
